07/28/2022 01:54:34 PM Flask server started.
07/28/2022 01:54:34 PM  * Running on http://127.0.0.1:5000 (Press CTRL+C to quit)
07/28/2022 01:54:34 PM  * Restarting with stat
07/28/2022 01:54:35 PM Flask server started.
07/28/2022 01:54:35 PM  * Debugger PIN: 144-768-139
07/28/2022 01:54:47 PM 127.0.0.1 - - [28/Jul/2022 13:54:47] "[32mGET /synel HTTP/1.1[0m" 308 -
07/28/2022 01:54:47 PM 127.0.0.1 - - [28/Jul/2022 13:54:47] "GET /synel/ HTTP/1.1" 200 -
07/28/2022 01:54:47 PM 127.0.0.1 - - [28/Jul/2022 13:54:47] "[33mGET /favicon.ico HTTP/1.1[0m" 404 -
07/28/2022 01:55:31 PM  * Detected change in 'C:\\Users\\kemalyesildagli\\Documents\\Projects\\onetrail-p&a\\app.py', reloading
07/28/2022 01:55:31 PM  * Restarting with stat
07/28/2022 01:55:32 PM Flask server started.
07/28/2022 01:55:32 PM  * Debugger PIN: 144-768-139
07/28/2022 02:08:34 PM  * Detected change in 'C:\\Users\\kemalyesildagli\\Documents\\Projects\\onetrail-p&a\\app.py', reloading
07/28/2022 02:08:34 PM  * Restarting with stat
07/28/2022 02:08:34 PM Flask server started.
07/28/2022 02:08:34 PM  * Debugger PIN: 144-768-139
07/28/2022 02:10:20 PM  * Detected change in 'C:\\Users\\kemalyesildagli\\Documents\\Projects\\onetrail-p&a\\app.py', reloading
07/28/2022 02:10:20 PM  * Restarting with stat
07/28/2022 02:10:21 PM Flask server started.
07/28/2022 02:11:19 PM  * Detected change in 'C:\\Users\\kemalyesildagli\\Documents\\Projects\\onetrail-p&a\\app.py', reloading
07/28/2022 02:11:19 PM  * Restarting with stat
07/28/2022 02:11:19 PM Flask server started.
07/28/2022 02:13:50 PM  * Detected change in 'C:\\Users\\kemalyesildagli\\Documents\\Projects\\onetrail-p&a\\app.py', reloading
07/28/2022 02:13:50 PM  * Restarting with stat
07/28/2022 02:13:50 PM Flask server started.
07/28/2022 02:14:59 PM  * Detected change in 'C:\\Users\\kemalyesildagli\\Documents\\Projects\\onetrail-p&a\\app.py', reloading
07/28/2022 02:14:59 PM  * Restarting with stat
07/28/2022 02:15:00 PM Flask server started.
07/28/2022 02:15:11 PM  * Detected change in 'C:\\Users\\kemalyesildagli\\Documents\\Projects\\onetrail-p&a\\app.py', reloading
07/28/2022 02:15:11 PM  * Restarting with stat
07/28/2022 02:15:11 PM Flask server started.
07/28/2022 02:15:31 PM  * Detected change in 'C:\\Users\\kemalyesildagli\\Documents\\Projects\\onetrail-p&a\\app.py', reloading
07/28/2022 02:15:31 PM  * Restarting with stat
07/28/2022 02:15:32 PM Flask server started.
07/28/2022 02:15:32 PM Starting new HTTPS connection (1): services.onetrail.net:443
07/28/2022 02:15:32 PM https://services.onetrail.net:443 "GET /pde/rest/v5/products/?&SellerVPN=003R99633 HTTP/1.1" 415 88
07/28/2022 02:15:45 PM  * Detected change in 'C:\\Users\\kemalyesildagli\\Documents\\Projects\\onetrail-p&a\\app.py', reloading
07/28/2022 02:15:45 PM  * Restarting with stat
07/28/2022 02:15:45 PM Flask server started.
07/28/2022 02:15:45 PM Starting new HTTPS connection (1): services.onetrail.net:443
07/28/2022 02:15:45 PM https://services.onetrail.net:443 "GET /pde/rest/v5/products/?&SellerVPN=003R99633 HTTP/1.1" 415 88
07/28/2022 02:15:47 PM Flask server started.
07/28/2022 02:15:47 PM Starting new HTTPS connection (1): services.onetrail.net:443
07/28/2022 02:15:47 PM https://services.onetrail.net:443 "GET /pde/rest/v5/products/?&SellerVPN=003R99633 HTTP/1.1" 415 88
07/28/2022 02:17:00 PM Flask server started.
07/28/2022 02:17:34 PM Flask server started.
07/28/2022 02:17:34 PM Starting new HTTPS connection (1): services.onetrail.net:443
07/28/2022 02:17:36 PM https://services.onetrail.net:443 "GET /pde/rest/v5/products/?&SellerVPN=003R99633 HTTP/1.1" 200 4901
07/28/2022 02:17:36 PM  * Running on http://127.0.0.1:5000 (Press CTRL+C to quit)
07/28/2022 02:17:36 PM  * Restarting with stat
07/28/2022 02:17:36 PM Flask server started.
07/28/2022 02:17:36 PM Starting new HTTPS connection (1): services.onetrail.net:443
07/28/2022 02:17:38 PM https://services.onetrail.net:443 "GET /pde/rest/v5/products/?&SellerVPN=003R99633 HTTP/1.1" 200 4901
07/28/2022 02:45:41 PM  * Detected change in 'C:\\Users\\kemalyesildagli\\Documents\\Projects\\onetrail-p&a\\app.py', reloading
07/28/2022 02:45:41 PM  * Restarting with stat
07/28/2022 02:45:42 PM Flask server started.
07/28/2022 02:45:42 PM Starting new HTTPS connection (1): services.onetrail.net:443
07/28/2022 02:45:44 PM https://services.onetrail.net:443 "GET /pde/rest/v5/products/?&SellerVPN=003R99633 HTTP/1.1" 200 4901
07/28/2022 02:45:46 PM  * Detected change in 'C:\\Users\\kemalyesildagli\\Documents\\Projects\\onetrail-p&a\\app.py', reloading
07/28/2022 02:45:46 PM  * Restarting with stat
07/28/2022 02:45:46 PM Flask server started.
07/28/2022 02:45:46 PM Starting new HTTPS connection (1): services.onetrail.net:443
07/28/2022 02:45:48 PM https://services.onetrail.net:443 "GET /pde/rest/v5/products/?&SellerVPN=003R99633 HTTP/1.1" 200 4901
07/28/2022 02:54:37 PM  * Detected change in 'C:\\Users\\kemalyesildagli\\Documents\\Projects\\onetrail-p&a\\app.py', reloading
07/28/2022 02:54:37 PM  * Restarting with stat
07/28/2022 02:54:38 PM Flask server started.
07/28/2022 02:54:38 PM Starting new HTTPS connection (1): services.onetrail.net:443
07/28/2022 02:54:40 PM https://services.onetrail.net:443 "GET /pde/rest/v5/products/?&SellerVPN=003R99633 HTTP/1.1" 200 4901
07/28/2022 02:55:46 PM  * Detected change in 'C:\\Users\\kemalyesildagli\\Documents\\Projects\\onetrail-p&a\\app.py', reloading
07/28/2022 02:55:46 PM  * Restarting with stat
07/28/2022 02:55:47 PM Flask server started.
07/28/2022 02:55:47 PM Starting new HTTPS connection (1): services.onetrail.net:443
07/28/2022 02:55:48 PM  * Detected change in 'C:\\Users\\kemalyesildagli\\Documents\\Projects\\onetrail-p&a\\app.py', reloading
07/28/2022 02:55:48 PM https://services.onetrail.net:443 "GET /pde/rest/v5/products/?&SellerVPN=003R99633 HTTP/1.1" 200 4901
07/28/2022 02:55:48 PM  * Restarting with stat
07/28/2022 02:55:49 PM Flask server started.
07/28/2022 02:55:49 PM Starting new HTTPS connection (1): services.onetrail.net:443
07/28/2022 02:55:51 PM https://services.onetrail.net:443 "GET /pde/rest/v5/products/?&SellerVPN=003R99633 HTTP/1.1" 200 4901
07/28/2022 03:07:07 PM  * Detected change in 'C:\\Users\\kemalyesildagli\\Documents\\Projects\\onetrail-p&a\\app.py', reloading
07/28/2022 03:07:07 PM  * Restarting with stat
07/28/2022 03:07:07 PM Flask server started.
07/28/2022 03:07:07 PM Starting new HTTPS connection (1): services.onetrail.net:443
07/28/2022 03:07:11 PM https://services.onetrail.net:443 "GET /pde/rest/v5/products/?&SellerVPN=003R99633 HTTP/1.1" 200 4901
07/28/2022 03:07:24 PM  * Detected change in 'C:\\Users\\kemalyesildagli\\Documents\\Projects\\onetrail-p&a\\app.py', reloading
07/28/2022 03:07:24 PM  * Restarting with stat
07/28/2022 03:07:25 PM Flask server started.
07/28/2022 03:07:25 PM Starting new HTTPS connection (1): services.onetrail.net:443
07/28/2022 03:07:26 PM https://services.onetrail.net:443 "GET /pde/rest/v5/products/?&SellerVPN=003R99633 HTTP/1.1" 200 4901
07/28/2022 03:07:32 PM  * Detected change in 'C:\\Users\\kemalyesildagli\\Documents\\Projects\\onetrail-p&a\\app.py', reloading
07/28/2022 03:07:32 PM  * Restarting with stat
07/28/2022 03:07:32 PM Flask server started.
07/28/2022 03:07:32 PM Starting new HTTPS connection (1): services.onetrail.net:443
07/28/2022 03:07:34 PM https://services.onetrail.net:443 "GET /pde/rest/v5/products/?&SellerVPN=003R99633 HTTP/1.1" 200 4901
07/28/2022 03:07:40 PM Flask server started.
07/28/2022 03:07:40 PM Starting new HTTPS connection (1): services.onetrail.net:443
07/28/2022 03:07:43 PM https://services.onetrail.net:443 "GET /pde/rest/v5/products/?&SellerVPN=003R99633 HTTP/1.1" 200 4901
07/28/2022 03:08:28 PM Flask server started.
07/28/2022 03:08:28 PM Starting new HTTPS connection (1): services.onetrail.net:443
07/28/2022 03:08:30 PM https://services.onetrail.net:443 "GET /pde/rest/v5/products/?&SellerVPN=003R99633 HTTP/1.1" 200 4901
07/28/2022 03:08:30 PM  * Running on http://127.0.0.1:5000 (Press CTRL+C to quit)
07/28/2022 03:08:30 PM  * Restarting with stat
07/28/2022 03:08:31 PM Flask server started.
07/28/2022 03:08:31 PM Starting new HTTPS connection (1): services.onetrail.net:443
07/28/2022 03:08:32 PM https://services.onetrail.net:443 "GET /pde/rest/v5/products/?&SellerVPN=003R99633 HTTP/1.1" 200 4901
07/28/2022 03:09:36 PM  * Detected change in 'C:\\Users\\kemalyesildagli\\Documents\\Projects\\onetrail-p&a\\app.py', reloading
07/28/2022 03:09:36 PM  * Restarting with stat
07/28/2022 03:09:40 PM  * Restarting with stat
07/28/2022 03:09:40 PM Flask server started.
07/28/2022 03:11:13 PM  * Detected change in 'C:\\Users\\kemalyesildagli\\Documents\\Projects\\onetrail-p&a\\app.py', reloading
07/28/2022 03:11:13 PM  * Restarting with stat
07/28/2022 03:11:14 PM Flask server started.
07/28/2022 03:41:50 PM 127.0.0.1 - - [28/Jul/2022 15:41:50] "[32mPOST /Onetrail/GetProductData HTTP/1.1[0m" 308 -
07/28/2022 03:41:50 PM Starting new HTTPS connection (1): services.onetrail.net:443
07/28/2022 03:41:52 PM https://services.onetrail.net:443 "GET /pde/rest/v5/products/?&SellerVPN=003R99633 HTTP/1.1" 200 4901
07/28/2022 03:41:52 PM 127.0.0.1 - - [28/Jul/2022 15:41:52] "[35m[1mPOST /Onetrail/GetProductData/ HTTP/1.1[0m" 500 -
07/28/2022 03:42:00 PM 127.0.0.1 - - [28/Jul/2022 15:42:00] "[32mPOST /Onetrail/GetProductData HTTP/1.1[0m" 308 -
07/28/2022 03:42:01 PM Starting new HTTPS connection (1): services.onetrail.net:443
07/28/2022 03:42:03 PM https://services.onetrail.net:443 "GET /pde/rest/v5/products/?&SellerVPN=003R99633 HTTP/1.1" 200 4901
07/28/2022 03:42:03 PM 127.0.0.1 - - [28/Jul/2022 15:42:03] "[35m[1mPOST /Onetrail/GetProductData/ HTTP/1.1[0m" 500 -
07/28/2022 03:42:15 PM  * Detected change in 'C:\\Users\\kemalyesildagli\\Documents\\Projects\\onetrail-p&a\\app.py', reloading
07/28/2022 03:42:15 PM  * Restarting with stat
07/28/2022 03:42:16 PM Flask server started.
07/28/2022 03:43:27 PM 127.0.0.1 - - [28/Jul/2022 15:43:27] "[32mPOST /Onetrail/GetProductData HTTP/1.1[0m" 308 -
07/28/2022 03:43:28 PM Starting new HTTPS connection (1): services.onetrail.net:443
07/28/2022 03:43:29 PM https://services.onetrail.net:443 "GET /pde/rest/v5/products/?&SellerVPN=003R99633 HTTP/1.1" 200 4901
07/28/2022 03:43:29 PM 127.0.0.1 - - [28/Jul/2022 15:43:29] "POST /Onetrail/GetProductData/ HTTP/1.1" 200 -
07/28/2022 03:44:02 PM 127.0.0.1 - - [28/Jul/2022 15:44:02] "[32mPOST /Onetrail/GetProductData HTTP/1.1[0m" 308 -
07/28/2022 03:44:02 PM Starting new HTTPS connection (1): services.onetrail.net:443
07/28/2022 03:44:04 PM https://services.onetrail.net:443 "GET /pde/rest/v5/products/?&SellerVPN=003R99633 HTTP/1.1" 200 4901
07/28/2022 03:44:04 PM 127.0.0.1 - - [28/Jul/2022 15:44:04] "POST /Onetrail/GetProductData/ HTTP/1.1" 200 -
07/28/2022 03:53:13 PM 127.0.0.1 - - [28/Jul/2022 15:53:13] "[32mPOST /Onetrail/GetProductData HTTP/1.1[0m" 308 -
07/28/2022 03:53:13 PM Starting new HTTPS connection (1): services.onetrail.net:443
07/28/2022 03:53:15 PM https://services.onetrail.net:443 "GET /pde/rest/v5/products/?&SellerVPN=003R99633 HTTP/1.1" 200 4901
07/28/2022 03:53:15 PM 127.0.0.1 - - [28/Jul/2022 15:53:15] "POST /Onetrail/GetProductData/ HTTP/1.1" 200 -
07/28/2022 03:54:00 PM  * Detected change in 'C:\\Users\\kemalyesildagli\\Documents\\Projects\\onetrail-p&a\\app.py', reloading
07/28/2022 03:54:00 PM  * Restarting with stat
07/28/2022 03:54:00 PM Flask server started.
07/28/2022 03:54:10 PM  * Detected change in 'C:\\Users\\kemalyesildagli\\Documents\\Projects\\onetrail-p&a\\app.py', reloading
07/28/2022 03:54:10 PM  * Restarting with stat
07/28/2022 03:54:11 PM Flask server started.
07/28/2022 04:19:47 PM  * Detected change in 'C:\\Users\\kemalyesildagli\\Documents\\Projects\\onetrail-p&a\\app.py', reloading
07/28/2022 04:19:47 PM  * Restarting with stat
07/28/2022 04:19:47 PM Flask server started.
07/28/2022 04:22:22 PM  * Detected change in 'C:\\Users\\kemalyesildagli\\Documents\\Projects\\onetrail-p&a\\app.py', reloading
07/28/2022 04:22:22 PM  * Restarting with stat
07/28/2022 04:22:22 PM Flask server started.
07/28/2022 04:22:32 PM  * Detected change in 'C:\\Users\\kemalyesildagli\\Documents\\Projects\\onetrail-p&a\\app.py', reloading
07/28/2022 04:22:32 PM  * Restarting with stat
07/28/2022 04:22:33 PM Flask server started.
07/28/2022 04:22:42 PM  * Detected change in 'C:\\Users\\kemalyesildagli\\Documents\\Projects\\onetrail-p&a\\app.py', reloading
07/28/2022 04:22:42 PM  * Restarting with stat
07/28/2022 04:22:42 PM Flask server started.
07/28/2022 04:23:37 PM  * Detected change in 'C:\\Users\\kemalyesildagli\\Documents\\Projects\\onetrail-p&a\\app.py', reloading
07/28/2022 04:23:37 PM  * Restarting with stat
07/28/2022 04:23:37 PM Flask server started.
07/28/2022 04:24:14 PM  * Detected change in 'C:\\Users\\kemalyesildagli\\Documents\\Projects\\onetrail-p&a\\app.py', reloading
07/28/2022 04:24:14 PM  * Restarting with stat
07/28/2022 04:24:15 PM Flask server started.
07/28/2022 04:25:17 PM 127.0.0.1 - - [28/Jul/2022 16:25:17] "[32mPOST /Onetrail/GetProductData HTTP/1.1[0m" 308 -
07/28/2022 04:25:17 PM Starting new HTTPS connection (1): services.onetrail.net:443
07/28/2022 04:25:20 PM https://services.onetrail.net:443 "GET /pde/rest/v5/products/?&SellerVPN=003R98711 HTTP/1.1" 200 2773
07/28/2022 04:25:20 PM 127.0.0.1 - - [28/Jul/2022 16:25:20] "[35m[1mPOST /Onetrail/GetProductData/ HTTP/1.1[0m" 500 -
07/28/2022 04:25:29 PM  * Detected change in 'C:\\Users\\kemalyesildagli\\Documents\\Projects\\onetrail-p&a\\app.py', reloading
07/28/2022 04:25:30 PM  * Restarting with stat
07/28/2022 04:25:30 PM Flask server started.
07/28/2022 04:26:03 PM 127.0.0.1 - - [28/Jul/2022 16:26:03] "[32mPOST /Onetrail/GetProductData HTTP/1.1[0m" 308 -
07/28/2022 04:26:04 PM Starting new HTTPS connection (1): services.onetrail.net:443
07/28/2022 04:26:06 PM https://services.onetrail.net:443 "GET /pde/rest/v5/products/?&SellerVPN=003R98711 HTTP/1.1" 200 2773
07/28/2022 04:26:06 PM Starting new HTTPS connection (1): priority.servium.com:443
07/28/2022 04:26:08 PM https://priority.servium.com:443 "POST /odata/Priority/tabula.ini/testrig/ZOTR_PRICEANDSTOCK HTTP/1.1" 500 None
07/28/2022 04:26:08 PM 127.0.0.1 - - [28/Jul/2022 16:26:08] "POST /Onetrail/GetProductData/ HTTP/1.1" 200 -
07/28/2022 04:27:07 PM  * Detected change in 'C:\\Users\\kemalyesildagli\\Documents\\Projects\\onetrail-p&a\\app.py', reloading
07/28/2022 04:27:07 PM  * Restarting with stat
07/28/2022 04:27:07 PM Flask server started.
07/28/2022 04:27:24 PM 127.0.0.1 - - [28/Jul/2022 16:27:24] "[32mPOST /Onetrail/GetProductData HTTP/1.1[0m" 308 -
07/28/2022 04:27:24 PM Starting new HTTPS connection (1): services.onetrail.net:443
07/28/2022 04:27:27 PM https://services.onetrail.net:443 "GET /pde/rest/v5/products/?&SellerVPN=003R98733 HTTP/1.1" 200 2780
07/28/2022 04:27:27 PM Starting new HTTPS connection (1): priority.servium.com:443
07/28/2022 04:27:27 PM https://priority.servium.com:443 "POST /odata/Priority/tabula.ini/testrig/ZOTR_PRICEANDSTOCK HTTP/1.1" 500 None
07/28/2022 04:27:27 PM 127.0.0.1 - - [28/Jul/2022 16:27:27] "POST /Onetrail/GetProductData/ HTTP/1.1" 200 -
07/28/2022 04:27:55 PM  * Detected change in 'C:\\Users\\kemalyesildagli\\Documents\\Projects\\onetrail-p&a\\app.py', reloading
07/28/2022 04:27:55 PM  * Restarting with stat
07/28/2022 04:27:55 PM Flask server started.
07/28/2022 04:28:16 PM 127.0.0.1 - - [28/Jul/2022 16:28:16] "[32mPOST /Onetrail/GetProductData HTTP/1.1[0m" 308 -
07/28/2022 04:28:16 PM Starting new HTTPS connection (1): services.onetrail.net:443
07/28/2022 04:28:18 PM https://services.onetrail.net:443 "GET /pde/rest/v5/products/?&SellerVPN=003R98811 HTTP/1.1" 200 2769
07/28/2022 04:28:18 PM Starting new HTTPS connection (1): priority.servium.com:443
07/28/2022 04:28:18 PM https://priority.servium.com:443 "POST /odata/Priority/tabula.ini/testrig/ZOTR_PRICEANDSTOCK HTTP/1.1" 500 386
07/28/2022 04:28:18 PM 127.0.0.1 - - [28/Jul/2022 16:28:18] "POST /Onetrail/GetProductData/ HTTP/1.1" 200 -
07/28/2022 04:28:50 PM  * Detected change in 'C:\\Users\\kemalyesildagli\\Documents\\Projects\\onetrail-p&a\\app.py', reloading
07/28/2022 04:28:50 PM  * Restarting with stat
07/28/2022 04:28:50 PM Flask server started.
07/28/2022 04:29:05 PM 127.0.0.1 - - [28/Jul/2022 16:29:05] "[32mPOST /Onetrail/GetProductData HTTP/1.1[0m" 308 -
07/28/2022 04:29:06 PM Starting new HTTPS connection (1): services.onetrail.net:443
07/28/2022 04:29:08 PM https://services.onetrail.net:443 "GET /pde/rest/v5/products/?&SellerVPN=003R98811 HTTP/1.1" 200 2769
07/28/2022 04:29:08 PM Starting new HTTPS connection (1): priority.servium.com:443
07/28/2022 04:29:08 PM https://priority.servium.com:443 "POST /odata/Priority/tabula.ini/testrig/ZOTR_PRICEANDSTOCK HTTP/1.1" 500 390
07/28/2022 04:29:08 PM 127.0.0.1 - - [28/Jul/2022 16:29:08] "POST /Onetrail/GetProductData/ HTTP/1.1" 200 -
07/28/2022 04:31:52 PM 127.0.0.1 - - [28/Jul/2022 16:31:52] "[32mPOST /Onetrail/GetProductData HTTP/1.1[0m" 308 -
07/28/2022 04:31:52 PM Starting new HTTPS connection (1): services.onetrail.net:443
07/28/2022 04:31:54 PM https://services.onetrail.net:443 "GET /pde/rest/v5/products/?&SellerVPN=003R98711 HTTP/1.1" 200 2773
07/28/2022 04:31:54 PM Starting new HTTPS connection (1): priority.servium.com:443
07/28/2022 04:31:54 PM https://priority.servium.com:443 "POST /odata/Priority/tabula.ini/testrig/ZOTR_PRICEANDSTOCK HTTP/1.1" 500 390
07/28/2022 04:31:54 PM 127.0.0.1 - - [28/Jul/2022 16:31:54] "POST /Onetrail/GetProductData/ HTTP/1.1" 200 -
07/28/2022 04:32:22 PM Starting new HTTPS connection (1): services.onetrail.net:443
07/28/2022 04:32:24 PM https://services.onetrail.net:443 "GET /pde/rest/v5/products/?&SellerVPN=003R98711 HTTP/1.1" 200 2773
07/28/2022 04:32:24 PM Starting new HTTPS connection (1): priority.servium.com:443
07/28/2022 04:32:28 PM Starting new HTTPS connection (1): services.onetrail.net:443
07/28/2022 04:32:29 PM https://priority.servium.com:443 "POST /odata/Priority/tabula.ini/testrig/ZOTR_PRICEANDSTOCK HTTP/1.1" 500 None
07/28/2022 04:32:29 PM 127.0.0.1 - - [28/Jul/2022 16:32:29] "POST /Onetrail/GetProductData/ HTTP/1.1" 200 -
07/28/2022 04:32:30 PM https://services.onetrail.net:443 "GET /pde/rest/v5/products/?&SellerVPN=003R98711 HTTP/1.1" 200 2773
07/28/2022 04:32:30 PM Starting new HTTPS connection (1): priority.servium.com:443
07/28/2022 04:32:30 PM https://priority.servium.com:443 "POST /odata/Priority/tabula.ini/testrig/ZOTR_PRICEANDSTOCK HTTP/1.1" 500 390
07/28/2022 04:32:30 PM 127.0.0.1 - - [28/Jul/2022 16:32:30] "POST /Onetrail/GetProductData/ HTTP/1.1" 200 -
07/28/2022 04:32:49 PM 127.0.0.1 - - [28/Jul/2022 16:32:49] "[32mPOST /Onetrail/GetProductData HTTP/1.1[0m" 308 -
07/28/2022 04:32:49 PM Starting new HTTPS connection (1): services.onetrail.net:443
07/28/2022 04:32:51 PM https://services.onetrail.net:443 "GET /pde/rest/v5/products/?&SellerVPN=003R98733 HTTP/1.1" 200 2780
07/28/2022 04:32:51 PM Starting new HTTPS connection (1): priority.servium.com:443
07/28/2022 04:32:51 PM https://priority.servium.com:443 "POST /odata/Priority/tabula.ini/testrig/ZOTR_PRICEANDSTOCK HTTP/1.1" 500 390
07/28/2022 04:32:51 PM 127.0.0.1 - - [28/Jul/2022 16:32:51] "POST /Onetrail/GetProductData/ HTTP/1.1" 200 -
07/28/2022 04:34:09 PM  * Detected change in 'C:\\Users\\kemalyesildagli\\Documents\\Projects\\onetrail-p&a\\app.py', reloading
07/28/2022 04:34:09 PM  * Restarting with stat
07/28/2022 04:34:10 PM Flask server started.
07/28/2022 04:34:13 PM Starting new HTTPS connection (1): services.onetrail.net:443
07/28/2022 04:34:15 PM https://services.onetrail.net:443 "GET /pde/rest/v5/products/?&SellerVPN=003R98733 HTTP/1.1" 200 2780
07/28/2022 04:34:15 PM Starting new HTTPS connection (1): priority.servium.com:443
07/28/2022 04:34:15 PM https://priority.servium.com:443 "POST /odata/Priority/tabula.ini/testrig/ZOTR_PRICEANDSTOCK HTTP/1.1" 500 400
07/28/2022 04:34:15 PM 127.0.0.1 - - [28/Jul/2022 16:34:15] "POST /Onetrail/GetProductData/ HTTP/1.1" 200 -
07/28/2022 04:37:00 PM  * Detected change in 'C:\\Users\\kemalyesildagli\\Documents\\Projects\\onetrail-p&a\\app.py', reloading
07/28/2022 04:37:00 PM  * Restarting with stat
07/28/2022 04:37:01 PM Flask server started.
07/28/2022 04:37:09 PM 127.0.0.1 - - [28/Jul/2022 16:37:09] "[32mPOST /Onetrail/GetProductData HTTP/1.1[0m" 308 -
07/28/2022 04:37:09 PM Starting new HTTPS connection (1): services.onetrail.net:443
07/28/2022 04:37:11 PM https://services.onetrail.net:443 "GET /pde/rest/v5/products/?&SellerVPN=003R98733 HTTP/1.1" 200 2780
07/28/2022 04:37:11 PM Starting new HTTPS connection (1): priority.servium.com:443
07/28/2022 04:37:11 PM https://priority.servium.com:443 "POST /odata/Priority/tabula.ini/testrig/ZOTR_PRICEANDSTOCK HTTP/1.1" 500 408
07/28/2022 04:37:11 PM 127.0.0.1 - - [28/Jul/2022 16:37:11] "POST /Onetrail/GetProductData/ HTTP/1.1" 200 -
07/28/2022 04:37:39 PM  * Detected change in 'C:\\Users\\kemalyesildagli\\Documents\\Projects\\onetrail-p&a\\app.py', reloading
07/28/2022 04:37:39 PM  * Restarting with stat
07/28/2022 04:37:40 PM Flask server started.
07/28/2022 04:37:50 PM Starting new HTTPS connection (1): services.onetrail.net:443
07/28/2022 04:37:52 PM https://services.onetrail.net:443 "GET /pde/rest/v5/products/?&SellerVPN=003R98733 HTTP/1.1" 200 2780
07/28/2022 04:37:52 PM Starting new HTTPS connection (1): priority.servium.com:443
07/28/2022 04:37:53 PM https://priority.servium.com:443 "POST /odata/Priority/tabula.ini/testrig/ZOTR_PRICEANDSTOCK HTTP/1.1" 400 153
07/28/2022 04:37:53 PM 127.0.0.1 - - [28/Jul/2022 16:37:53] "POST /Onetrail/GetProductData/ HTTP/1.1" 200 -
07/28/2022 04:41:59 PM Starting new HTTPS connection (1): services.onetrail.net:443
07/28/2022 04:42:01 PM https://services.onetrail.net:443 "GET /pde/rest/v5/products/?&SellerVPN=003R98733 HTTP/1.1" 200 2780
07/28/2022 04:42:01 PM Starting new HTTPS connection (1): priority.servium.com:443
07/28/2022 04:42:02 PM https://priority.servium.com:443 "POST /odata/Priority/tabula.ini/testrig/ZOTR_PRICEANDSTOCK HTTP/1.1" 201 None
07/28/2022 04:42:02 PM 127.0.0.1 - - [28/Jul/2022 16:42:02] "POST /Onetrail/GetProductData/ HTTP/1.1" 200 -
07/28/2022 04:42:30 PM Starting new HTTPS connection (1): services.onetrail.net:443
07/28/2022 04:42:31 PM https://services.onetrail.net:443 "GET /pde/rest/v5/products/?&SellerVPN=003R98733 HTTP/1.1" 200 2780
07/28/2022 04:42:31 PM Starting new HTTPS connection (1): priority.servium.com:443
07/28/2022 04:42:32 PM https://priority.servium.com:443 "POST /odata/Priority/tabula.ini/testrig/ZOTR_PRICEANDSTOCK HTTP/1.1" 409 125
07/28/2022 04:42:32 PM 127.0.0.1 - - [28/Jul/2022 16:42:32] "POST /Onetrail/GetProductData/ HTTP/1.1" 200 -
07/28/2022 04:43:19 PM  * Detected change in 'C:\\Users\\kemalyesildagli\\Documents\\Projects\\onetrail-p&a\\app.py', reloading
07/28/2022 04:43:19 PM  * Restarting with stat
07/28/2022 04:43:20 PM Flask server started.
07/28/2022 04:43:27 PM Starting new HTTPS connection (1): services.onetrail.net:443
07/28/2022 04:43:29 PM https://services.onetrail.net:443 "GET /pde/rest/v5/products/?&SellerVPN=003R98733 HTTP/1.1" 200 2780
07/28/2022 04:43:29 PM Starting new HTTPS connection (1): priority.servium.com:443
07/28/2022 04:43:29 PM https://priority.servium.com:443 "POST /odata/Priority/tabula.ini/testrig/ZOTR_PRICEANDSTOCK HTTP/1.1" 201 274
07/28/2022 04:43:29 PM 127.0.0.1 - - [28/Jul/2022 16:43:29] "[35m[1mPOST /Onetrail/GetProductData/ HTTP/1.1[0m" 500 -
07/28/2022 04:43:53 PM  * Detected change in 'C:\\Users\\kemalyesildagli\\Documents\\Projects\\onetrail-p&a\\app.py', reloading
07/28/2022 04:43:53 PM  * Restarting with stat
07/28/2022 04:43:53 PM Flask server started.
07/28/2022 04:43:55 PM Starting new HTTPS connection (1): services.onetrail.net:443
07/28/2022 04:43:57 PM https://services.onetrail.net:443 "GET /pde/rest/v5/products/?&SellerVPN=003R98733 HTTP/1.1" 200 2780
07/28/2022 04:43:57 PM Starting new HTTPS connection (1): priority.servium.com:443
07/28/2022 04:43:57 PM https://priority.servium.com:443 "POST /odata/Priority/tabula.ini/testrig/ZOTR_PRICEANDSTOCK HTTP/1.1" 409 125
07/28/2022 04:43:57 PM 127.0.0.1 - - [28/Jul/2022 16:43:57] "POST /Onetrail/GetProductData/ HTTP/1.1" 200 -
07/28/2022 04:44:11 PM Starting new HTTPS connection (1): services.onetrail.net:443
07/28/2022 04:44:12 PM https://services.onetrail.net:443 "GET /pde/rest/v5/products/?&SellerVPN=003R98733 HTTP/1.1" 200 2780
07/28/2022 04:44:12 PM Starting new HTTPS connection (1): priority.servium.com:443
07/28/2022 04:44:12 PM https://priority.servium.com:443 "POST /odata/Priority/tabula.ini/testrig/ZOTR_PRICEANDSTOCK HTTP/1.1" 201 None
07/28/2022 04:44:12 PM 127.0.0.1 - - [28/Jul/2022 16:44:12] "POST /Onetrail/GetProductData/ HTTP/1.1" 200 -
07/28/2022 04:44:31 PM  * Detected change in 'C:\\Users\\kemalyesildagli\\Documents\\Projects\\onetrail-p&a\\app.py', reloading
07/28/2022 04:44:31 PM  * Restarting with stat
07/28/2022 04:44:31 PM Flask server started.
07/28/2022 04:44:34 PM Starting new HTTPS connection (1): services.onetrail.net:443
07/28/2022 04:44:36 PM https://services.onetrail.net:443 "GET /pde/rest/v5/products/?&SellerVPN=003R98733 HTTP/1.1" 200 2780
07/28/2022 04:44:36 PM Starting new HTTPS connection (1): priority.servium.com:443
07/28/2022 04:44:36 PM https://priority.servium.com:443 "PATCH /odata/Priority/tabula.ini/testrig/ZOTR_PRICEANDSTOCK HTTP/1.1" 400 124
07/28/2022 04:44:36 PM 127.0.0.1 - - [28/Jul/2022 16:44:36] "POST /Onetrail/GetProductData/ HTTP/1.1" 200 -
07/28/2022 04:44:41 PM  * Detected change in 'C:\\Users\\kemalyesildagli\\Documents\\Projects\\onetrail-p&a\\app.py', reloading
07/28/2022 04:44:41 PM  * Restarting with stat
07/28/2022 04:44:41 PM Flask server started.
07/28/2022 04:46:24 PM  * Detected change in 'C:\\Users\\kemalyesildagli\\Documents\\Projects\\onetrail-p&a\\app.py', reloading
07/28/2022 04:46:24 PM  * Restarting with stat
07/28/2022 04:46:25 PM Flask server started.
